<?xml version="1.0" encoding="UTF-8"?>
<testng-results ignored="0" total="1" passed="1" failed="0" skipped="0">
  <reporter-output>
  </reporter-output>
  <suite started-at="2019-01-26T05:40:56Z" name="Default suite" finished-at="2019-01-26T05:41:07Z" duration-ms="11382">
    <groups>
    </groups>
    <test started-at="2019-01-26T05:40:56Z" name="Default test" finished-at="2019-01-26T05:41:07Z" duration-ms="11382">
      <class name="com.sonar.sonar.Amazon">
        <test-method signature="validateDroDowns()[pri:0, instance:com.sonar.sonar.Amazon@37ceb1df]" started-at="2019-01-26T05:40:56Z" name="validateDroDowns" finished-at="2019-01-26T05:41:07Z" duration-ms="11347" status="PASS">
          <reporter-output>
          </reporter-output>
        </test-method> <!-- validateDroDowns -->
      </class> <!-- com.sonar.sonar.Amazon -->
    </test> <!-- Default test -->
  </suite> <!-- Default suite -->
</testng-results>
